0 info it worked if it ends with ok
1 verbose cli [ '/usr/local/Cellar/node/5.4.0/bin/node',
1 verbose cli   '/Users/Owgee/.npm-packages/bin/npm',
1 verbose cli   'run-script',
1 verbose cli   'prod' ]
2 info using npm@3.5.3
3 info using node@v5.4.0
4 verbose run-script [ 'preprod', 'prod', 'postprod' ]
5 info lifecycle @~preprod: @
6 silly lifecycle @~preprod: no script for preprod, continuing
7 info lifecycle @~prod: @
8 verbose lifecycle @~prod: unsafe-perm in lifecycle true
9 verbose lifecycle @~prod: PATH: /Users/Owgee/.npm-packages/lib/node_modules/npm/bin/node-gyp-bin:/Applications/XAMPP/xamppfiles/htdocs/company_website/node_modules/.bin:/opt/local/bin:/opt/local/sbin:/Users/Owgee/.npm-packages/bin:/Users/owgee/Library/Android/sdk/platform-tools:/Users/Owgee/.composer/vendor/bin:/Applications/XAMPP/xamppfiles/etc/:/usr/local/bin:/usr/bin:/bin:/usr/sbin:/sbin
10 verbose lifecycle @~prod: CWD: /Applications/XAMPP/xamppfiles/htdocs/company_website
11 silly lifecycle @~prod: Args: [ '-c', 'gulp --production' ]
12 silly lifecycle @~prod: Returned: code: 1  signal: null
13 info lifecycle @~prod: Failed to exec prod script
14 verbose stack Error: @ prod: `gulp --production`
14 verbose stack Exit status 1
14 verbose stack     at EventEmitter.<anonymous> (/Users/Owgee/.npm-packages/lib/node_modules/npm/lib/utils/lifecycle.js:232:16)
14 verbose stack     at emitTwo (events.js:87:13)
14 verbose stack     at EventEmitter.emit (events.js:172:7)
14 verbose stack     at ChildProcess.<anonymous> (/Users/Owgee/.npm-packages/lib/node_modules/npm/lib/utils/spawn.js:24:14)
14 verbose stack     at emitTwo (events.js:87:13)
14 verbose stack     at ChildProcess.emit (events.js:172:7)
14 verbose stack     at maybeClose (internal/child_process.js:821:16)
14 verbose stack     at Process.ChildProcess._handle.onexit (internal/child_process.js:211:5)
15 verbose pkgid @
16 verbose cwd /Applications/XAMPP/xamppfiles/htdocs/company_website
17 error Darwin 15.4.0
18 error argv "/usr/local/Cellar/node/5.4.0/bin/node" "/Users/Owgee/.npm-packages/bin/npm" "run-script" "prod"
19 error node v5.4.0
20 error npm  v3.5.3
21 error code ELIFECYCLE
22 error @ prod: `gulp --production`
22 error Exit status 1
23 error Failed at the @ prod script 'gulp --production'.
23 error Make sure you have the latest version of node.js and npm installed.
23 error If you do, this is most likely a problem with the  package,
23 error not with npm itself.
23 error Tell the author that this fails on your system:
23 error     gulp --production
23 error You can get information on how to open an issue for this project with:
23 error     npm bugs
23 error Or if that isn't available, you can get their info via:
23 error     npm owner ls
23 error There is likely additional logging output above.
24 verbose exit [ 1, true ]
